[11:59:12.434] Log Level: 2
[11:59:12.459] SSH Resolver called for "ssh-remote+hpc-direct", attempt 1
[11:59:12.464] remote.SSH.useLocalServer = true
[11:59:12.465] remote.SSH.useExecServer = true
[11:59:12.465] remote.SSH.bindHost = {}
[11:59:12.465] remote.SSH.path = 
[11:59:12.466] remote.SSH.configFile = 
[11:59:12.466] remote.SSH.useFlock = true
[11:59:12.466] remote.SSH.lockfilesInTmp = false
[11:59:12.466] remote.SSH.localServerDownload = auto
[11:59:12.466] remote.SSH.remoteServerListenOnSocket = false
[11:59:12.467] remote.SSH.defaultExtensions = []
[11:59:12.467] remote.SSH.defaultExtensionsIfInstalledLocally = []
[11:59:12.467] remote.SSH.loglevel = 2
[11:59:12.467] remote.SSH.enableDynamicForwarding = true
[11:59:12.467] remote.SSH.enableRemoteCommand = false
[11:59:12.468] remote.SSH.serverPickPortsFromRange = {}
[11:59:12.468] remote.SSH.serverInstallPath = {}
[11:59:12.468] remote.SSH.permitPtyAllocation = false
[11:59:12.468] remote.SSH.preferredLocalPortRange = undefined
[11:59:12.468] remote.SSH.useCurlAndWgetConfigurationFiles = false
[11:59:12.469] remote.SSH.experimental.chat = true
[11:59:12.469] remote.SSH.experimental.enhancedSessionLogs = true
[11:59:12.469] remote.SSH.httpProxy = {"*":""}
[11:59:12.469] remote.SSH.httpsProxy = {"*":""}
[11:59:12.481] VS Code version: 1.103.2
[11:59:12.481] Remote-SSH version: remote-ssh@0.120.0
[11:59:12.481] linux x64
[11:59:12.484] SSH Resolver called for host: hpc-direct
[11:59:12.484] Setting up SSH remote "hpc-direct"
[11:59:12.492] Acquiring local install lock: /tmp/vscode-remote-ssh-186cd774-install.lock
[11:59:12.494] Looking for existing server data file at /home/crestang/.config/Code/User/globalStorage/ms-vscode-remote.remote-ssh/vscode-ssh-host-186cd774-6f17636121051a53c88d3e605c491d22af2ba755-0.120.0-es/data.json
[11:59:12.495] No existing data file
[11:59:12.495] Using commit id "6f17636121051a53c88d3e605c491d22af2ba755" and quality "stable" for server
[11:59:12.495] Extensions to install: 
[11:59:12.501] Install and start server if needed
[11:59:12.505] PATH: /home/crestang/.local/bin:/home/crestang/bin:/usr/local/bin:/usr/bin:/bin:/usr/local/games:/usr/games
[11:59:12.506] Checking ssh with "ssh -V"
[11:59:12.516] > OpenSSH_10.0p2 Debian-7, OpenSSL 3.5.1 1 Jul 2025

[11:59:12.521] askpass server listening on /run/user/1000/vscode-ssh-askpass-d414e155e63acb6882317cc03de4551b0db635a6.sock
[11:59:12.522] Spawning local server with {"serverId":1,"ipcHandlePath":"/run/user/1000/vscode-ssh-askpass-90e718ec848b5be4977ecce300576a4138c7bda4.sock","sshCommand":"ssh","sshArgs":["-v","-T","-D","45127","-o","ConnectTimeout=15","hpc-direct"],"serverDataFolderName":".vscode-server","dataFilePath":"/home/crestang/.config/Code/User/globalStorage/ms-vscode-remote.remote-ssh/vscode-ssh-host-186cd774-6f17636121051a53c88d3e605c491d22af2ba755-0.120.0-es/data.json"}
[11:59:12.522] Local server env: {"SSH_AUTH_SOCK":"/run/user/1000/keyring/ssh","SHELL":"/bin/bash","DISPLAY":":0","ELECTRON_RUN_AS_NODE":"1","SSH_ASKPASS":"/home/crestang/.vscode/extensions/ms-vscode-remote.remote-ssh-0.120.0/out/local-server/askpass.sh","VSCODE_SSH_ASKPASS_NODE":"/usr/share/code/code","VSCODE_SSH_ASKPASS_EXTRA_ARGS":"","VSCODE_SSH_ASKPASS_MAIN":"/home/crestang/.vscode/extensions/ms-vscode-remote.remote-ssh-0.120.0/out/askpass-main.js","VSCODE_SSH_ASKPASS_HANDLE":"/run/user/1000/vscode-ssh-askpass-d414e155e63acb6882317cc03de4551b0db635a6.sock"}
[11:59:12.526] Spawned 33713
[11:59:12.527] Using connect timeout of 17 seconds
[11:59:12.645] > local-server-1> Running ssh connection command: ssh -v -T -D 45127 -o ConnectTimeout=15 hpc-direct
[11:59:12.650] > local-server-1> Spawned ssh, pid=33721
[11:59:12.758] stderr> debug1: Server host key: ssh-ed25519 SHA256:d/upNIFLu/E/Q6vUGe0ZuDmtMYAWiMNSJ7k2j+PN2qA
[11:59:12.862] stderr> 
[11:59:12.862] stderr> You Are Accessing an Oregon State University System
[11:59:12.862] stderr>          Unauthorized Access Prohibited
[11:59:12.862] stderr>      Use Constitutes a Consent to Monitoring
[11:59:12.863] stderr>        Users have No Expectation of Privacy
[11:59:12.863] stderr> 
[11:59:12.980] stderr> Authenticated to hpc.cqls.oregonstate.edu ([128.193.83.45]:22) using "publickey".
[11:59:12.982] stderr> unix_listener: cannot bind to path /home/crestang/.ssh/sockets/crestang@hpc.cqls.oregonstate.edu-22.RmJOTlPHo92ebuX3: No such file or directory
[11:59:12.985] > local-server-1> ssh child died, shutting down
[11:59:12.995] Local server exit: 0
[11:59:12.995] Received install output: local-server-1> Running ssh connection command: ssh -v -T -D 45127 -o ConnectTimeout=15 hpc-direct
local-server-1> Spawned ssh, pid=33721
debug1: Server host key: ssh-ed25519 SHA256:d/upNIFLu/E/Q6vUGe0ZuDmtMYAWiMNSJ7k2j+PN2qA

You Are Accessing an Oregon State University System
         Unauthorized Access Prohibited
     Use Constitutes a Consent to Monitoring
       Users have No Expectation of Privacy

Authenticated to hpc.cqls.oregonstate.edu ([128.193.83.45]:22) using "publickey".
unix_listener: cannot bind to path /home/crestang/.ssh/sockets/crestang@hpc.cqls.oregonstate.edu-22.RmJOTlPHo92ebuX3: No such file or directory
local-server-1> ssh child died, shutting down

[11:59:12.996] WARN: $PLATFORM is undefined in installation script output.  Errors may be dropped.
[11:59:12.997] Failed to parse remote port from server output
[11:59:12.998] Resolver error: Error
    at y.Create (/home/crestang/.vscode/extensions/ms-vscode-remote.remote-ssh-0.120.0/out/extension.js:2:744751)
    at t.handleInstallOutput (/home/crestang/.vscode/extensions/ms-vscode-remote.remote-ssh-0.120.0/out/extension.js:2:742832)
    at e (/home/crestang/.vscode/extensions/ms-vscode-remote.remote-ssh-0.120.0/out/extension.js:2:798600)
    at process.processTicksAndRejections (node:internal/process/task_queues:105:5)
    at async /home/crestang/.vscode/extensions/ms-vscode-remote.remote-ssh-0.120.0/out/extension.js:2:823806
    at async t.withShowDetailsEvent (/home/crestang/.vscode/extensions/ms-vscode-remote.remote-ssh-0.120.0/out/extension.js:2:827501)
    at async /home/crestang/.vscode/extensions/ms-vscode-remote.remote-ssh-0.120.0/out/extension.js:2:795312
    at async P (/home/crestang/.vscode/extensions/ms-vscode-remote.remote-ssh-0.120.0/out/extension.js:2:793367)
    at async t.resolveWithLocalServer (/home/crestang/.vscode/extensions/ms-vscode-remote.remote-ssh-0.120.0/out/extension.js:2:794864)
    at async A (/home/crestang/.vscode/extensions/ms-vscode-remote.remote-ssh-0.120.0/out/extension.js:2:820659)
    at async t.resolve (/home/crestang/.vscode/extensions/ms-vscode-remote.remote-ssh-0.120.0/out/extension.js:2:824898)
    at async /home/crestang/.vscode/extensions/ms-vscode-remote.remote-ssh-0.120.0/out/extension.js:2:1113660
[11:59:13.009] ------




[11:59:13.010] No hints found in the recent session.
