2025-08-22 11:51:51.654 [info] Extension host with pid 32824 started
2025-08-22 11:51:51.654 [info] [resolveAuthority(ssh-remote,1)][0ms] activating remote resolvers ssh-remote+vscode-direct
2025-08-22 11:51:51.654 [info] [resolveAuthority(ssh-remote,1)][0ms] activating resolver for ssh-remote+vscode-direct...
2025-08-22 11:51:51.662 [info] ExtensionService#_doActivateExtension ms-vscode-remote.remote-ssh, startup: false, activationEvent: 'onResolveRemoteAuthority:ssh-remote'
2025-08-22 11:51:51.733 [error] PendingMigrationError: navigator is now a global in nodejs, please see https://aka.ms/vscode-extensions/navigator for additional info on this error.
    at get (file:///usr/share/code/resources/app/out/vs/workbench/api/node/extensionHostProcess.js:388:6355)
    at Object.<anonymous> (/home/crestang/.vscode/extensions/ms-vscode-remote.remote-ssh-0.120.0/out/extension.js:2:486184)
    at 19534 (/home/crestang/.vscode/extensions/ms-vscode-remote.remote-ssh-0.120.0/out/extension.js:2:504894)
    at r (/home/crestang/.vscode/extensions/ms-vscode-remote.remote-ssh-0.120.0/out/extension.js:2:1108387)
    at 92839 (/home/crestang/.vscode/extensions/ms-vscode-remote.remote-ssh-0.120.0/out/extension.js:2:466959)
    at r (/home/crestang/.vscode/extensions/ms-vscode-remote.remote-ssh-0.120.0/out/extension.js:2:1108387)
    at 49424 (/home/crestang/.vscode/extensions/ms-vscode-remote.remote-ssh-0.120.0/out/extension.js:2:465816)
    at r (/home/crestang/.vscode/extensions/ms-vscode-remote.remote-ssh-0.120.0/out/extension.js:2:1108387)
    at 17130 (/home/crestang/.vscode/extensions/ms-vscode-remote.remote-ssh-0.120.0/out/extension.js:2:596135)
    at r (/home/crestang/.vscode/extensions/ms-vscode-remote.remote-ssh-0.120.0/out/extension.js:2:1108387)
    at 87631 (/home/crestang/.vscode/extensions/ms-vscode-remote.remote-ssh-0.120.0/out/extension.js:2:576866)
    at r (/home/crestang/.vscode/extensions/ms-vscode-remote.remote-ssh-0.120.0/out/extension.js:2:1108387)
    at 65861 (/home/crestang/.vscode/extensions/ms-vscode-remote.remote-ssh-0.120.0/out/extension.js:2:600705)
    at r (/home/crestang/.vscode/extensions/ms-vscode-remote.remote-ssh-0.120.0/out/extension.js:2:1108387)
    at 91577 (/home/crestang/.vscode/extensions/ms-vscode-remote.remote-ssh-0.120.0/out/extension.js:2:856974)
    at r (/home/crestang/.vscode/extensions/ms-vscode-remote.remote-ssh-0.120.0/out/extension.js:2:1108387)
    at 94111 (/home/crestang/.vscode/extensions/ms-vscode-remote.remote-ssh-0.120.0/out/extension.js:2:819912)
    at r (/home/crestang/.vscode/extensions/ms-vscode-remote.remote-ssh-0.120.0/out/extension.js:2:1108387)
    at 35187 (/home/crestang/.vscode/extensions/ms-vscode-remote.remote-ssh-0.120.0/out/extension.js:2:690327)
    at r (/home/crestang/.vscode/extensions/ms-vscode-remote.remote-ssh-0.120.0/out/extension.js:2:1108387)
    at 64417 (/home/crestang/.vscode/extensions/ms-vscode-remote.remote-ssh-0.120.0/out/extension.js:2:846572)
    at r (/home/crestang/.vscode/extensions/ms-vscode-remote.remote-ssh-0.120.0/out/extension.js:2:1108387)
    at 24847 (/home/crestang/.vscode/extensions/ms-vscode-remote.remote-ssh-0.120.0/out/extension.js:2:828930)
    at r (/home/crestang/.vscode/extensions/ms-vscode-remote.remote-ssh-0.120.0/out/extension.js:2:1108387)
    at 54788 (/home/crestang/.vscode/extensions/ms-vscode-remote.remote-ssh-0.120.0/out/extension.js:2:788284)
    at r (/home/crestang/.vscode/extensions/ms-vscode-remote.remote-ssh-0.120.0/out/extension.js:2:1108387)
    at 30729 (/home/crestang/.vscode/extensions/ms-vscode-remote.remote-ssh-0.120.0/out/extension.js:2:682648)
    at r (/home/crestang/.vscode/extensions/ms-vscode-remote.remote-ssh-0.120.0/out/extension.js:2:1108387)
    at 24430 (/home/crestang/.vscode/extensions/ms-vscode-remote.remote-ssh-0.120.0/out/extension.js:2:837945)
    at r (/home/crestang/.vscode/extensions/ms-vscode-remote.remote-ssh-0.120.0/out/extension.js:2:1108387)
    at 52584 (/home/crestang/.vscode/extensions/ms-vscode-remote.remote-ssh-0.120.0/out/extension.js:2:811300)
    at r (/home/crestang/.vscode/extensions/ms-vscode-remote.remote-ssh-0.120.0/out/extension.js:2:1108387)
    at 69480 (/home/crestang/.vscode/extensions/ms-vscode-remote.remote-ssh-0.120.0/out/extension.js:2:800490)
    at r (/home/crestang/.vscode/extensions/ms-vscode-remote.remote-ssh-0.120.0/out/extension.js:2:1108387)
    at 71535 (/home/crestang/.vscode/extensions/ms-vscode-remote.remote-ssh-0.120.0/out/extension.js:2:680397)
    at r (/home/crestang/.vscode/extensions/ms-vscode-remote.remote-ssh-0.120.0/out/extension.js:2:1108387)
    at /home/crestang/.vscode/extensions/ms-vscode-remote.remote-ssh-0.120.0/out/extension.js:2:1109251
    at /home/crestang/.vscode/extensions/ms-vscode-remote.remote-ssh-0.120.0/out/extension.js:2:1117584
    at Object.<anonymous> (/home/crestang/.vscode/extensions/ms-vscode-remote.remote-ssh-0.120.0/out/extension.js:2:1117690)
    at Module._compile (node:internal/modules/cjs/loader:1738:14)
    at Module._extensions..js (node:internal/modules/cjs/loader:1904:10)
    at Module.load (node:internal/modules/cjs/loader:1472:32)
    at Module._load (node:internal/modules/cjs/loader:1289:12)
    at c._load (node:electron/js2c/node_init:2:18013)
    at e._load (file:///usr/share/code/resources/app/out/vs/workbench/api/node/extensionHostProcess.js:388:5728)
    at t._load (file:///usr/share/code/resources/app/out/vs/workbench/api/node/extensionHostProcess.js:206:22695)
    at r._load (file:///usr/share/code/resources/app/out/vs/workbench/api/node/extensionHostProcess.js:198:25694)
    at TracingChannel.traceSync (node:diagnostics_channel:322:14)
    at wrapModuleLoad (node:internal/modules/cjs/loader:242:24)
    at Module.require (node:internal/modules/cjs/loader:1494:12)
    at require (node:internal/modules/helpers:135:16)
    at LZ.Cb (file:///usr/share/code/resources/app/out/vs/workbench/api/node/extensionHostProcess.js:237:1253)
2025-08-22 11:51:51.866 [error] PendingMigrationError: navigator is now a global in nodejs, please see https://aka.ms/vscode-extensions/navigator for additional info on this error.
    at get (file:///usr/share/code/resources/app/out/vs/workbench/api/node/extensionHostProcess.js:388:6355)
    at g (/home/crestang/.vscode/extensions/ms-vscode-remote.remote-ssh-0.120.0/out/extension.js:2:283829)
    at /home/crestang/.vscode/extensions/ms-vscode-remote.remote-ssh-0.120.0/out/extension.js:2:283674
    at r (/home/crestang/.vscode/extensions/ms-vscode-remote.remote-ssh-0.120.0/out/extension.js:2:285048)
    at /home/crestang/.vscode/extensions/ms-vscode-remote.remote-ssh-0.120.0/out/extension.js:2:285217
    at Object.get (/home/crestang/.vscode/extensions/ms-vscode-remote.remote-ssh-0.120.0/out/extension.js:2:284567)
    at _ (/home/crestang/.vscode/extensions/ms-vscode-remote.remote-ssh-0.120.0/out/extension.js:2:284134)
    at O (/home/crestang/.vscode/extensions/ms-vscode-remote.remote-ssh-0.120.0/out/extension.js:2:229826)
    at /home/crestang/.vscode/extensions/ms-vscode-remote.remote-ssh-0.120.0/out/extension.js:2:163430
    at Object.p [as use] (/home/crestang/.vscode/extensions/ms-vscode-remote.remote-ssh-0.120.0/out/extension.js:2:205291)
    at /home/crestang/.vscode/extensions/ms-vscode-remote.remote-ssh-0.120.0/out/extension.js:2:206959
    at s.<computed> [as watch] (/home/crestang/.vscode/extensions/ms-vscode-remote.remote-ssh-0.120.0/out/extension.js:2:206970)
    at B (/home/crestang/.vscode/extensions/ms-vscode-remote.remote-ssh-0.120.0/out/extension.js:2:207589)
    at e.<computed> [as initialize] (/home/crestang/.vscode/extensions/ms-vscode-remote.remote-ssh-0.120.0/out/extension.js:2:162741)
    at e.n [as initialize] (/home/crestang/.vscode/extensions/ms-vscode-remote.remote-ssh-0.120.0/out/extension.js:2:275397)
    at /home/crestang/.vscode/extensions/ms-vscode-remote.remote-ssh-0.120.0/out/extension.js:2:170519
    at g (/home/crestang/.vscode/extensions/ms-vscode-remote.remote-ssh-0.120.0/out/extension.js:2:239634)
    at e.<computed> [as initialize] (/home/crestang/.vscode/extensions/ms-vscode-remote.remote-ssh-0.120.0/out/extension.js:2:169778)
    at t.n [as initialize] (/home/crestang/.vscode/extensions/ms-vscode-remote.remote-ssh-0.120.0/out/extension.js:2:275397)
    at Array.<anonymous> (/home/crestang/.vscode/extensions/ms-vscode-remote.remote-ssh-0.120.0/out/extension.js:2:244943)
    at o (/home/crestang/.vscode/extensions/ms-vscode-remote.remote-ssh-0.120.0/out/extension.js:2:280977)
    at u (/home/crestang/.vscode/extensions/ms-vscode-remote.remote-ssh-0.120.0/out/extension.js:2:244904)
    at ge (/home/crestang/.vscode/extensions/ms-vscode-remote.remote-ssh-0.120.0/out/extension.js:2:213632)
    at e.<computed> (/home/crestang/.vscode/extensions/ms-vscode-remote.remote-ssh-0.120.0/out/extension.js:2:216146)
    at Object.initialize (/home/crestang/.vscode/extensions/ms-vscode-remote.remote-ssh-0.120.0/out/extension.js:2:276131)
    at /home/crestang/.vscode/extensions/ms-vscode-remote.remote-ssh-0.120.0/out/extension.js:2:140366
    at g (/home/crestang/.vscode/extensions/ms-vscode-remote.remote-ssh-0.120.0/out/extension.js:2:239634)
    at e.<computed> [as initialize] (/home/crestang/.vscode/extensions/ms-vscode-remote.remote-ssh-0.120.0/out/extension.js:2:140291)
    at t.n [as initialize] (/home/crestang/.vscode/extensions/ms-vscode-remote.remote-ssh-0.120.0/out/extension.js:2:275397)
    at /home/crestang/.vscode/extensions/ms-vscode-remote.remote-ssh-0.120.0/out/extension.js:2:339701
    at async t.oneDataSystemClientFactory (/home/crestang/.vscode/extensions/ms-vscode-remote.remote-ssh-0.120.0/out/extension.js:2:339100)
2025-08-22 11:51:51.868 [info] [resolveAuthority(ssh-remote,1)][224ms] invoking final resolve()...
2025-08-22 11:51:52.869 [info] [resolveAuthority(ssh-remote,1)][1225ms] waiting...
2025-08-22 11:51:53.871 [info] [resolveAuthority(ssh-remote,1)][2226ms] waiting...
2025-08-22 11:51:54.872 [info] [resolveAuthority(ssh-remote,1)][3228ms] waiting...
2025-08-22 11:51:55.873 [info] [resolveAuthority(ssh-remote,1)][4229ms] waiting...
2025-08-22 11:51:55.965 [error] TypeError: Cannot read properties of undefined (reading 'value')
    at Jh.value (/home/crestang/.vscode/extensions/ms-vscode-remote.remote-ssh-0.120.0/out/extension.js:2:839291)
    at $.C (file:///usr/share/code/resources/app/out/vs/workbench/api/node/extensionHostProcess.js:27:2373)
    at $.fire (file:///usr/share/code/resources/app/out/vs/workbench/api/node/extensionHostProcess.js:27:2591)
    at u._fireDidAccept (file:///usr/share/code/resources/app/out/vs/workbench/api/node/extensionHostProcess.js:196:36935)
    at s.$onDidAccept (file:///usr/share/code/resources/app/out/vs/workbench/api/node/extensionHostProcess.js:196:34738)
    at C4.S (file:///usr/share/code/resources/app/out/vs/workbench/api/node/extensionHostProcess.js:29:119615)
    at C4.Q (file:///usr/share/code/resources/app/out/vs/workbench/api/node/extensionHostProcess.js:29:119395)
    at C4.M (file:///usr/share/code/resources/app/out/vs/workbench/api/node/extensionHostProcess.js:29:118484)
    at C4.L (file:///usr/share/code/resources/app/out/vs/workbench/api/node/extensionHostProcess.js:29:117589)
    at Jh.value (file:///usr/share/code/resources/app/out/vs/workbench/api/node/extensionHostProcess.js:29:116386)
    at $.C (file:///usr/share/code/resources/app/out/vs/workbench/api/node/extensionHostProcess.js:27:2373)
    at $.fire (file:///usr/share/code/resources/app/out/vs/workbench/api/node/extensionHostProcess.js:27:2591)
    at fo.fire (file:///usr/share/code/resources/app/out/vs/workbench/api/node/extensionHostProcess.js:29:9458)
    at Jh.value (file:///usr/share/code/resources/app/out/vs/workbench/api/node/extensionHostProcess.js:388:8361)
    at $.C (file:///usr/share/code/resources/app/out/vs/workbench/api/node/extensionHostProcess.js:27:2373)
    at $.fire (file:///usr/share/code/resources/app/out/vs/workbench/api/node/extensionHostProcess.js:27:2591)
    at fo.fire (file:///usr/share/code/resources/app/out/vs/workbench/api/node/extensionHostProcess.js:29:9458)
    at MessagePortMain.<anonymous> (file:///usr/share/code/resources/app/out/vs/workbench/api/node/extensionHostProcess.js:388:6653)
    at MessagePortMain.emit (node:events:518:28)
    at MessagePortMain._internalPort.emit (node:electron/js2c/utility_init:2:2949)
2025-08-22 11:51:56.874 [info] [resolveAuthority(ssh-remote,1)][5230ms] waiting...
2025-08-22 11:51:57.432 [error] TypeError: Cannot read properties of undefined (reading 'value')
    at Jh.value (/home/crestang/.vscode/extensions/ms-vscode-remote.remote-ssh-0.120.0/out/extension.js:2:839291)
    at $.C (file:///usr/share/code/resources/app/out/vs/workbench/api/node/extensionHostProcess.js:27:2373)
    at $.fire (file:///usr/share/code/resources/app/out/vs/workbench/api/node/extensionHostProcess.js:27:2591)
    at u._fireDidAccept (file:///usr/share/code/resources/app/out/vs/workbench/api/node/extensionHostProcess.js:196:36935)
    at s.$onDidAccept (file:///usr/share/code/resources/app/out/vs/workbench/api/node/extensionHostProcess.js:196:34738)
    at C4.S (file:///usr/share/code/resources/app/out/vs/workbench/api/node/extensionHostProcess.js:29:119615)
    at C4.Q (file:///usr/share/code/resources/app/out/vs/workbench/api/node/extensionHostProcess.js:29:119395)
    at C4.M (file:///usr/share/code/resources/app/out/vs/workbench/api/node/extensionHostProcess.js:29:118484)
    at C4.L (file:///usr/share/code/resources/app/out/vs/workbench/api/node/extensionHostProcess.js:29:117589)
    at Jh.value (file:///usr/share/code/resources/app/out/vs/workbench/api/node/extensionHostProcess.js:29:116386)
    at $.C (file:///usr/share/code/resources/app/out/vs/workbench/api/node/extensionHostProcess.js:27:2373)
    at $.fire (file:///usr/share/code/resources/app/out/vs/workbench/api/node/extensionHostProcess.js:27:2591)
    at fo.fire (file:///usr/share/code/resources/app/out/vs/workbench/api/node/extensionHostProcess.js:29:9458)
    at Jh.value (file:///usr/share/code/resources/app/out/vs/workbench/api/node/extensionHostProcess.js:388:8361)
    at $.C (file:///usr/share/code/resources/app/out/vs/workbench/api/node/extensionHostProcess.js:27:2373)
    at $.fire (file:///usr/share/code/resources/app/out/vs/workbench/api/node/extensionHostProcess.js:27:2591)
    at fo.fire (file:///usr/share/code/resources/app/out/vs/workbench/api/node/extensionHostProcess.js:29:9458)
    at MessagePortMain.<anonymous> (file:///usr/share/code/resources/app/out/vs/workbench/api/node/extensionHostProcess.js:388:6653)
    at MessagePortMain.emit (node:events:518:28)
    at MessagePortMain._internalPort.emit (node:electron/js2c/utility_init:2:2949)
2025-08-22 11:51:57.876 [info] [resolveAuthority(ssh-remote,1)][6232ms] waiting...
2025-08-22 11:51:58.876 [info] [resolveAuthority(ssh-remote,1)][7232ms] waiting...
2025-08-22 11:51:59.878 [info] [resolveAuthority(ssh-remote,1)][8234ms] waiting...
2025-08-22 11:52:00.880 [info] [resolveAuthority(ssh-remote,1)][9236ms] waiting...
2025-08-22 11:52:01.880 [info] [resolveAuthority(ssh-remote,1)][10236ms] waiting...
2025-08-22 11:52:02.881 [info] [resolveAuthority(ssh-remote,1)][11237ms] waiting...
2025-08-22 11:52:03.882 [info] [resolveAuthority(ssh-remote,1)][12238ms] waiting...
2025-08-22 11:52:04.883 [info] [resolveAuthority(ssh-remote,1)][13239ms] waiting...
2025-08-22 11:52:05.884 [info] [resolveAuthority(ssh-remote,1)][14240ms] waiting...
2025-08-22 11:52:06.886 [info] [resolveAuthority(ssh-remote,1)][15242ms] waiting...
2025-08-22 11:52:07.153 [error] [resolveAuthority(ssh-remote,1)][15509ms] returned an error The connection timed out
2025-08-22 11:52:07.434 [info] Eager extensions activated
2025-08-22 11:52:07.568 [info] ExtensionService#_doActivateExtension vscode.github-authentication, startup: false, activationEvent: 'onAuthenticationRequest:github'
2025-08-22 11:52:08.389 [info] Extension host terminating: renderer closed the MessagePort
2025-08-22 11:52:08.415 [info] Extension host with pid 32824 exiting with code 0
