[12:01:50.855] Log Level: 2
[12:01:50.880] SSH Resolver called for "ssh-remote+vscode", attempt 1
[12:01:50.887] remote.SSH.useLocalServer = true
[12:01:50.887] remote.SSH.useExecServer = true
[12:01:50.887] remote.SSH.bindHost = {}
[12:01:50.888] remote.SSH.path = 
[12:01:50.888] remote.SSH.configFile = 
[12:01:50.888] remote.SSH.useFlock = true
[12:01:50.888] remote.SSH.lockfilesInTmp = false
[12:01:50.888] remote.SSH.localServerDownload = auto
[12:01:50.889] remote.SSH.remoteServerListenOnSocket = false
[12:01:50.889] remote.SSH.defaultExtensions = []
[12:01:50.889] remote.SSH.defaultExtensionsIfInstalledLocally = []
[12:01:50.889] remote.SSH.loglevel = 2
[12:01:50.889] remote.SSH.enableDynamicForwarding = true
[12:01:50.890] remote.SSH.enableRemoteCommand = false
[12:01:50.890] remote.SSH.serverPickPortsFromRange = {}
[12:01:50.890] remote.SSH.serverInstallPath = {}
[12:01:50.890] remote.SSH.permitPtyAllocation = false
[12:01:50.890] remote.SSH.preferredLocalPortRange = undefined
[12:01:50.891] remote.SSH.useCurlAndWgetConfigurationFiles = false
[12:01:50.891] remote.SSH.experimental.chat = true
[12:01:50.891] remote.SSH.experimental.enhancedSessionLogs = true
[12:01:50.891] remote.SSH.httpProxy = {"*":""}
[12:01:50.891] remote.SSH.httpsProxy = {"*":""}
[12:01:50.903] VS Code version: 1.103.2
[12:01:50.904] Remote-SSH version: remote-ssh@0.120.0
[12:01:50.904] linux x64
[12:01:50.907] SSH Resolver called for host: vscode
[12:01:50.907] Setting up SSH remote "vscode"
[12:01:50.914] Acquiring local install lock: /tmp/vscode-remote-ssh-1f5470d3-install.lock
[12:01:50.916] Looking for existing server data file at /home/crestang/.config/Code/User/globalStorage/ms-vscode-remote.remote-ssh/vscode-ssh-host-1f5470d3-6f17636121051a53c88d3e605c491d22af2ba755-0.120.0-es/data.json
[12:01:50.917] No existing data file
[12:01:50.918] Using commit id "6f17636121051a53c88d3e605c491d22af2ba755" and quality "stable" for server
[12:01:50.918] Extensions to install: 
[12:01:50.924] Install and start server if needed
[12:01:50.929] PATH: /home/crestang/.local/bin:/home/crestang/bin:/usr/local/bin:/usr/bin:/bin:/usr/local/games:/usr/games
[12:01:50.929] Checking ssh with "ssh -V"
[12:01:50.941] > OpenSSH_10.0p2 Debian-7, OpenSSL 3.5.1 1 Jul 2025

[12:01:50.948] askpass server listening on /run/user/1000/vscode-ssh-askpass-a1bad7a8dcbb5d68f2e24073c1ae28fe9f8c5bac.sock
[12:01:50.949] Spawning local server with {"serverId":1,"ipcHandlePath":"/run/user/1000/vscode-ssh-askpass-6cdfcc90125867e8c3110d49eec4dea8a9379b82.sock","sshCommand":"ssh","sshArgs":["-v","-T","-D","35507","-o","ConnectTimeout=15","vscode"],"serverDataFolderName":".vscode-server","dataFilePath":"/home/crestang/.config/Code/User/globalStorage/ms-vscode-remote.remote-ssh/vscode-ssh-host-1f5470d3-6f17636121051a53c88d3e605c491d22af2ba755-0.120.0-es/data.json"}
[12:01:50.949] Local server env: {"SSH_AUTH_SOCK":"/run/user/1000/keyring/ssh","SHELL":"/bin/bash","DISPLAY":":0","ELECTRON_RUN_AS_NODE":"1","SSH_ASKPASS":"/home/crestang/.vscode/extensions/ms-vscode-remote.remote-ssh-0.120.0/out/local-server/askpass.sh","VSCODE_SSH_ASKPASS_NODE":"/usr/share/code/code","VSCODE_SSH_ASKPASS_EXTRA_ARGS":"","VSCODE_SSH_ASKPASS_MAIN":"/home/crestang/.vscode/extensions/ms-vscode-remote.remote-ssh-0.120.0/out/askpass-main.js","VSCODE_SSH_ASKPASS_HANDLE":"/run/user/1000/vscode-ssh-askpass-a1bad7a8dcbb5d68f2e24073c1ae28fe9f8c5bac.sock"}
[12:01:50.955] Spawned 34050
[12:01:50.956] Using connect timeout of 17 seconds
[12:01:51.087] > local-server-1> Running ssh connection command: ssh -v -T -D 35507 -o ConnectTimeout=15 vscode
[12:01:51.092] > local-server-1> Spawned ssh, pid=34058
[12:01:51.214] stderr> debug1: Server host key: ssh-ed25519 SHA256:VSqs0xi/VBY32uZwQbGOIHmjC4HY42qdhZdohsXDrso
[12:01:51.313] stderr> 
[12:01:51.314] stderr> You Are Accessing an Oregon State University System
[12:01:51.314] stderr>          Unauthorized Access Prohibited
[12:01:51.314] stderr>      Use Constitutes a Consent to Monitoring
[12:01:51.315] stderr>        Users have No Expectation of Privacy
[12:01:51.315] stderr> 
[12:01:51.315] stderr> 
[12:01:51.414] stderr> Authenticated to shell.hpc.oregonstate.edu ([128.193.83.33]:22) using "publickey".
[12:01:51.414] stderr> unix_listener: cannot bind to path /home/crestang/.ssh/sockets/crestang@shell.hpc.oregonstate.edu-22.jE7TbSLuzszhUm3M: No such file or directory
[12:01:51.415] stderr> kex_exchange_identification: Connection closed by remote host
[12:01:51.416] stderr> Connection closed by UNKNOWN port 65535
[12:01:51.420] > local-server-1> ssh child died, shutting down
[12:01:51.430] Local server exit: 0
[12:01:51.431] Received install output: local-server-1> Running ssh connection command: ssh -v -T -D 35507 -o ConnectTimeout=15 vscode
local-server-1> Spawned ssh, pid=34058
debug1: Server host key: ssh-ed25519 SHA256:VSqs0xi/VBY32uZwQbGOIHmjC4HY42qdhZdohsXDrso

You Are Accessing an Oregon State University System
         Unauthorized Access Prohibited
     Use Constitutes a Consent to Monitoring
       Users have No Expectation of Privacy


Authenticated to shell.hpc.oregonstate.edu ([128.193.83.33]:22) using "publickey".
unix_listener: cannot bind to path /home/crestang/.ssh/sockets/crestang@shell.hpc.oregonstate.edu-22.jE7TbSLuzszhUm3M: No such file or directory
kex_exchange_identification: Connection closed by remote host
Connection closed by UNKNOWN port 65535
local-server-1> ssh child died, shutting down

[12:01:51.432] WARN: $PLATFORM is undefined in installation script output.  Errors may be dropped.
[12:01:51.433] Failed to parse remote port from server output
[12:01:51.434] Resolver error: Error
    at y.Create (/home/crestang/.vscode/extensions/ms-vscode-remote.remote-ssh-0.120.0/out/extension.js:2:744751)
    at t.handleInstallOutput (/home/crestang/.vscode/extensions/ms-vscode-remote.remote-ssh-0.120.0/out/extension.js:2:742832)
    at e (/home/crestang/.vscode/extensions/ms-vscode-remote.remote-ssh-0.120.0/out/extension.js:2:798600)
    at process.processTicksAndRejections (node:internal/process/task_queues:105:5)
    at async /home/crestang/.vscode/extensions/ms-vscode-remote.remote-ssh-0.120.0/out/extension.js:2:823806
    at async t.withShowDetailsEvent (/home/crestang/.vscode/extensions/ms-vscode-remote.remote-ssh-0.120.0/out/extension.js:2:827501)
    at async /home/crestang/.vscode/extensions/ms-vscode-remote.remote-ssh-0.120.0/out/extension.js:2:795312
    at async P (/home/crestang/.vscode/extensions/ms-vscode-remote.remote-ssh-0.120.0/out/extension.js:2:793367)
    at async t.resolveWithLocalServer (/home/crestang/.vscode/extensions/ms-vscode-remote.remote-ssh-0.120.0/out/extension.js:2:794864)
    at async A (/home/crestang/.vscode/extensions/ms-vscode-remote.remote-ssh-0.120.0/out/extension.js:2:820659)
    at async t.resolve (/home/crestang/.vscode/extensions/ms-vscode-remote.remote-ssh-0.120.0/out/extension.js:2:824898)
    at async /home/crestang/.vscode/extensions/ms-vscode-remote.remote-ssh-0.120.0/out/extension.js:2:1113660
[12:01:51.448] ------




[12:01:51.449] No hints found in the recent session.
