[16:19:40.599] Log Level: 2
[16:19:40.617] SSH Resolver called for "ssh-remote+vscode", attempt 1
[16:19:40.621] remote.SSH.useLocalServer = true
[16:19:40.621] remote.SSH.useExecServer = true
[16:19:40.621] remote.SSH.bindHost = {}
[16:19:40.621] remote.SSH.path = 
[16:19:40.621] remote.SSH.configFile = 
[16:19:40.621] remote.SSH.useFlock = true
[16:19:40.622] remote.SSH.lockfilesInTmp = false
[16:19:40.622] remote.SSH.localServerDownload = auto
[16:19:40.622] remote.SSH.remoteServerListenOnSocket = false
[16:19:40.622] remote.SSH.defaultExtensions = []
[16:19:40.622] remote.SSH.defaultExtensionsIfInstalledLocally = []
[16:19:40.622] remote.SSH.loglevel = 2
[16:19:40.622] remote.SSH.enableDynamicForwarding = true
[16:19:40.622] remote.SSH.enableRemoteCommand = false
[16:19:40.623] remote.SSH.serverPickPortsFromRange = {}
[16:19:40.623] remote.SSH.serverInstallPath = {}
[16:19:40.623] remote.SSH.permitPtyAllocation = false
[16:19:40.623] remote.SSH.preferredLocalPortRange = undefined
[16:19:40.623] remote.SSH.useCurlAndWgetConfigurationFiles = false
[16:19:40.623] remote.SSH.experimental.chat = true
[16:19:40.623] remote.SSH.experimental.enhancedSessionLogs = true
[16:19:40.623] remote.SSH.httpProxy = {"*":""}
[16:19:40.624] remote.SSH.httpsProxy = {"*":""}
[16:19:40.631] VS Code version: 1.103.2
[16:19:40.631] Remote-SSH version: remote-ssh@0.120.0
[16:19:40.631] linux x64
[16:19:40.633] SSH Resolver called for host: vscode
[16:19:40.633] Setting up SSH remote "vscode"
[16:19:40.645] Acquiring local install lock: /tmp/vscode-remote-ssh-1f5470d3-install.lock
[16:19:40.647] Looking for existing server data file at /home/crestang/.config/Code/User/globalStorage/ms-vscode-remote.remote-ssh/vscode-ssh-host-1f5470d3-6f17636121051a53c88d3e605c491d22af2ba755-0.120.0-es/data.json
[16:19:40.647] No existing data file
[16:19:40.648] Using commit id "6f17636121051a53c88d3e605c491d22af2ba755" and quality "stable" for server
[16:19:40.648] Extensions to install: 
[16:19:40.652] Install and start server if needed
[16:19:40.656] PATH: /usr/local/bin:/usr/bin:/bin:/usr/local/games:/usr/games
[16:19:40.656] Checking ssh with "ssh -V"
[16:19:40.662] > OpenSSH_10.0p2 Debian-7, OpenSSL 3.5.1 1 Jul 2025

[16:19:40.665] askpass server listening on /run/user/1000/vscode-ssh-askpass-78155fc9b3ff28781c392fbdc3ddb02605fb60eb.sock
[16:19:40.666] Spawning local server with {"serverId":1,"ipcHandlePath":"/run/user/1000/vscode-ssh-askpass-4d58ec2e50600504fcae5a8c9bb546a1e729669f.sock","sshCommand":"ssh","sshArgs":["-v","-T","-D","43651","-o","ConnectTimeout=15","vscode"],"serverDataFolderName":".vscode-server","dataFilePath":"/home/crestang/.config/Code/User/globalStorage/ms-vscode-remote.remote-ssh/vscode-ssh-host-1f5470d3-6f17636121051a53c88d3e605c491d22af2ba755-0.120.0-es/data.json"}
[16:19:40.666] Local server env: {"SSH_AUTH_SOCK":"/run/user/1000/keyring/ssh","SHELL":"/bin/bash","DISPLAY":":0","ELECTRON_RUN_AS_NODE":"1","SSH_ASKPASS":"/home/crestang/.vscode/extensions/ms-vscode-remote.remote-ssh-0.120.0/out/local-server/askpass.sh","VSCODE_SSH_ASKPASS_NODE":"/usr/share/code/code","VSCODE_SSH_ASKPASS_EXTRA_ARGS":"","VSCODE_SSH_ASKPASS_MAIN":"/home/crestang/.vscode/extensions/ms-vscode-remote.remote-ssh-0.120.0/out/askpass-main.js","VSCODE_SSH_ASKPASS_HANDLE":"/run/user/1000/vscode-ssh-askpass-78155fc9b3ff28781c392fbdc3ddb02605fb60eb.sock"}
[16:19:40.669] Spawned 24580
[16:19:40.669] Using connect timeout of 17 seconds
[16:19:40.743] > local-server-1> Running ssh connection command: ssh -v -T -D 43651 -o ConnectTimeout=15 vscode
[16:19:40.749] > local-server-1> Spawned ssh, pid=24588
[16:19:40.773] stderr> debug1: Server host key: ssh-ed25519 SHA256:VSqs0xi/VBY32uZwQbGOIHmjC4HY42qdhZdohsXDrso
[16:19:40.825] stderr> 
[16:19:40.825] stderr> You Are Accessing an Oregon State University System
[16:19:40.825] stderr>          Unauthorized Access Prohibited
[16:19:40.825] stderr>      Use Constitutes a Consent to Monitoring
[16:19:40.825] stderr>        Users have No Expectation of Privacy
[16:19:40.825] stderr> 
[16:19:40.825] stderr> 
[16:19:41.986] stderr> Authenticated to shell.hpc.oregonstate.edu ([128.193.83.33]:22) using "publickey".
[16:19:42.650] stderr> debug1: Server host key: ssh-ed25519 SHA256:3p87Z49ZTiRpT2yn72/REhHWhNIb9a93KxJJJmFnwlk
[16:19:42.666] stderr> You Are Accessing an Oregon State University System
[16:19:42.666] stderr>          Unauthorized Access Prohibited
[16:19:42.666] stderr>      Use Constitutes a Consent to Monitoring
[16:19:42.666] stderr>        Users have No Expectation of Privacy
[16:19:42.666] stderr> 
[16:19:42.856] stderr> Authenticated to vs-gateway.hpc.oregonstate.edu (via proxy) using "publickey".
[16:19:43.278] > ===============================================================================
> 
> 
>                                           __              []
>                                           ||              []
>                                           ||              []
>                                           ||              []
>                                        __ ||              []
>                                        || ||              []
>                                      .-||-||-.            []  /\
>                                     _\_______/_===========[]=(-o)
>                                      )\_____/(            []  \/
>                                     /     ||  \           []
>                                    /      ||   \          []
>                                   /       ||    \         []
>                                  /~~~~~~~~~~~~~~~\        []
>                                 /         ::      \       []
>                                (          ::       )      []
>                                 `-----------------'       []
>                                         )                 []
>                                       (   )               []
>                                         )( . (            []
>                                      .) @@)   )           []
>                                   ` ) @@(@@)@             []
>                                     (@@(@@)@              []
>                                      @(@.@)@@             []
>                                    ` (@{__}@)`            []
>                                        :__;               []
>                    ___                  {}+               []
>                   ( = )             .---'`---.            []
>                    | |_ jgs        /          \   ________[]____
>                ____| |_|==========(____________)_/______________\
>              ______________________________________________________
> 
>                          ______   ____      __      _____
>                         / ____/  / __ \    / /     / ___/
>                        / /      / / / /   / /      \__ \
>                       / /___   / /_/ /   / /___   ___/ /
>                       \____/   \___\_\  /_____/  /____/
> 
>                 Welcome to the CQLS "Wildwood HPC Cluster"
> 
>             Report any suspicious/unauthorized activity to the
>               Office of Information Security (541) 737-9800
>                             Log off after use
> 
>           System Summary (collected Mon Aug 25 04:59:01 AM EDT 2025)
>             - Hostname                  = vs-gateway
>             - Private IP                = 
>             - Public  IP                = 
>             - Login Count               = 1
>             - Unique Users              = 1
> 
> ===============================================================================
> Last failed login: Wed Aug 13 15:22:15 EDT 2025 from 10.224.64.62 on ssh:notty
> There were 12 failed login attempts since the last successful login.
[16:19:43.320] > Warning: no access to tty (Inappropriate ioctl for device).
> Thus no job control in this shell.
[16:19:57.670] Terminating local server
[16:19:57.673] Resolver error: Error: Connecting with SSH timed out
    at y.Timeout (/home/crestang/.vscode/extensions/ms-vscode-remote.remote-ssh-0.120.0/out/extension.js:2:744895)
    at Timeout._onTimeout (/home/crestang/.vscode/extensions/ms-vscode-remote.remote-ssh-0.120.0/out/extension.js:2:805797)
    at listOnTimeout (node:internal/timers:588:17)
    at process.processTimers (node:internal/timers:523:7)
[16:19:57.682] ------




[16:19:57.683]  ---------- [Session Summary] ----------- 
[16:19:57.683] [Timeout]: Error: Timeout (Connecting with SSH timed out)
[16:19:57.683]  ---------------------------------------- 
[16:19:57.686] Local server exit: 15
[16:20:04.962] Terminal closed
