[12:15:22.285] Log Level: 2
[12:15:22.309] SSH Resolver called for "ssh-remote+vscode", attempt 1
[12:15:22.315] remote.SSH.useLocalServer = true
[12:15:22.316] remote.SSH.useExecServer = true
[12:15:22.316] remote.SSH.bindHost = {}
[12:15:22.316] remote.SSH.path = 
[12:15:22.316] remote.SSH.configFile = 
[12:15:22.317] remote.SSH.useFlock = true
[12:15:22.317] remote.SSH.lockfilesInTmp = false
[12:15:22.317] remote.SSH.localServerDownload = auto
[12:15:22.317] remote.SSH.remoteServerListenOnSocket = false
[12:15:22.317] remote.SSH.defaultExtensions = []
[12:15:22.317] remote.SSH.defaultExtensionsIfInstalledLocally = []
[12:15:22.318] remote.SSH.loglevel = 2
[12:15:22.318] remote.SSH.enableDynamicForwarding = true
[12:15:22.318] remote.SSH.enableRemoteCommand = false
[12:15:22.318] remote.SSH.serverPickPortsFromRange = {}
[12:15:22.318] remote.SSH.serverInstallPath = {}
[12:15:22.319] remote.SSH.permitPtyAllocation = false
[12:15:22.319] remote.SSH.preferredLocalPortRange = undefined
[12:15:22.319] remote.SSH.useCurlAndWgetConfigurationFiles = false
[12:15:22.319] remote.SSH.experimental.chat = true
[12:15:22.319] remote.SSH.experimental.enhancedSessionLogs = true
[12:15:22.320] remote.SSH.httpProxy = {"*":""}
[12:15:22.320] remote.SSH.httpsProxy = {"*":""}
[12:15:22.331] VS Code version: 1.103.2
[12:15:22.332] Remote-SSH version: remote-ssh@0.120.0
[12:15:22.332] linux x64
[12:15:22.335] SSH Resolver called for host: vscode
[12:15:22.335] Setting up SSH remote "vscode"
[12:15:22.343] Acquiring local install lock: /tmp/vscode-remote-ssh-1f5470d3-install.lock
[12:15:22.346] Looking for existing server data file at /home/crestang/.config/Code/User/globalStorage/ms-vscode-remote.remote-ssh/vscode-ssh-host-1f5470d3-6f17636121051a53c88d3e605c491d22af2ba755-0.120.0-es/data.json
[12:15:22.347] No existing data file
[12:15:22.347] Using commit id "6f17636121051a53c88d3e605c491d22af2ba755" and quality "stable" for server
[12:15:22.347] Extensions to install: 
[12:15:22.353] Install and start server if needed
[12:15:22.357] PATH: /home/crestang/.local/bin:/home/crestang/bin:/usr/local/bin:/usr/bin:/bin:/usr/local/games:/usr/games
[12:15:22.357] Checking ssh with "ssh -V"
[12:15:22.370] > OpenSSH_10.0p2 Debian-7, OpenSSL 3.5.1 1 Jul 2025

[12:15:22.375] askpass server listening on /run/user/1000/vscode-ssh-askpass-a9c394dd2714529de3733c3c06f78f369203303c.sock
[12:15:22.375] Spawning local server with {"serverId":1,"ipcHandlePath":"/run/user/1000/vscode-ssh-askpass-a711996707a557a7cc6df3969d11ed9c5707d43d.sock","sshCommand":"ssh","sshArgs":["-v","-T","-D","36713","-o","ConnectTimeout=15","vscode"],"serverDataFolderName":".vscode-server","dataFilePath":"/home/crestang/.config/Code/User/globalStorage/ms-vscode-remote.remote-ssh/vscode-ssh-host-1f5470d3-6f17636121051a53c88d3e605c491d22af2ba755-0.120.0-es/data.json"}
[12:15:22.375] Local server env: {"SSH_AUTH_SOCK":"/run/user/1000/keyring/ssh","SHELL":"/bin/bash","DISPLAY":":0","ELECTRON_RUN_AS_NODE":"1","SSH_ASKPASS":"/home/crestang/.vscode/extensions/ms-vscode-remote.remote-ssh-0.120.0/out/local-server/askpass.sh","VSCODE_SSH_ASKPASS_NODE":"/usr/share/code/code","VSCODE_SSH_ASKPASS_EXTRA_ARGS":"","VSCODE_SSH_ASKPASS_MAIN":"/home/crestang/.vscode/extensions/ms-vscode-remote.remote-ssh-0.120.0/out/askpass-main.js","VSCODE_SSH_ASKPASS_HANDLE":"/run/user/1000/vscode-ssh-askpass-a9c394dd2714529de3733c3c06f78f369203303c.sock"}
[12:15:22.380] Spawned 34463
[12:15:22.381] Using connect timeout of 17 seconds
[12:15:22.525] > local-server-1> Running ssh connection command: ssh -v -T -D 36713 -o ConnectTimeout=15 vscode
[12:15:22.531] > local-server-1> Spawned ssh, pid=34471
[12:15:22.690] stderr> debug1: Server host key: ssh-ed25519 SHA256:VSqs0xi/VBY32uZwQbGOIHmjC4HY42qdhZdohsXDrso
[12:15:22.799] stderr> 
[12:15:22.799] stderr> You Are Accessing an Oregon State University System
[12:15:22.799] stderr>          Unauthorized Access Prohibited
[12:15:22.799] stderr>      Use Constitutes a Consent to Monitoring
[12:15:22.800] stderr>        Users have No Expectation of Privacy
[12:15:22.800] stderr> 
[12:15:22.800] stderr> 
[12:15:22.906] stderr> Authenticated to shell.hpc.oregonstate.edu ([128.193.83.33]:22) using "publickey".
[12:15:22.906] stderr> unix_listener: cannot bind to path /home/crestang/.ssh/sockets/crestang@shell.hpc.oregonstate.edu-22.Py8E6lWmn4lVQkSt: No such file or directory
[12:15:22.907] stderr> kex_exchange_identification: Connection closed by remote host
[12:15:22.907] stderr> Connection closed by UNKNOWN port 65535
[12:15:22.911] > local-server-1> ssh child died, shutting down
[12:15:22.917] Local server exit: 0
[12:15:22.918] Received install output: local-server-1> Running ssh connection command: ssh -v -T -D 36713 -o ConnectTimeout=15 vscode
local-server-1> Spawned ssh, pid=34471
debug1: Server host key: ssh-ed25519 SHA256:VSqs0xi/VBY32uZwQbGOIHmjC4HY42qdhZdohsXDrso

You Are Accessing an Oregon State University System
         Unauthorized Access Prohibited
     Use Constitutes a Consent to Monitoring
       Users have No Expectation of Privacy


Authenticated to shell.hpc.oregonstate.edu ([128.193.83.33]:22) using "publickey".
unix_listener: cannot bind to path /home/crestang/.ssh/sockets/crestang@shell.hpc.oregonstate.edu-22.Py8E6lWmn4lVQkSt: No such file or directory
kex_exchange_identification: Connection closed by remote host
Connection closed by UNKNOWN port 65535
local-server-1> ssh child died, shutting down

[12:15:22.919] WARN: $PLATFORM is undefined in installation script output.  Errors may be dropped.
[12:15:22.920] Failed to parse remote port from server output
[12:15:22.922] Resolver error: Error
    at y.Create (/home/crestang/.vscode/extensions/ms-vscode-remote.remote-ssh-0.120.0/out/extension.js:2:744751)
    at t.handleInstallOutput (/home/crestang/.vscode/extensions/ms-vscode-remote.remote-ssh-0.120.0/out/extension.js:2:742832)
    at e (/home/crestang/.vscode/extensions/ms-vscode-remote.remote-ssh-0.120.0/out/extension.js:2:798600)
    at process.processTicksAndRejections (node:internal/process/task_queues:105:5)
    at async /home/crestang/.vscode/extensions/ms-vscode-remote.remote-ssh-0.120.0/out/extension.js:2:823806
    at async t.withShowDetailsEvent (/home/crestang/.vscode/extensions/ms-vscode-remote.remote-ssh-0.120.0/out/extension.js:2:827501)
    at async /home/crestang/.vscode/extensions/ms-vscode-remote.remote-ssh-0.120.0/out/extension.js:2:795312
    at async P (/home/crestang/.vscode/extensions/ms-vscode-remote.remote-ssh-0.120.0/out/extension.js:2:793367)
    at async t.resolveWithLocalServer (/home/crestang/.vscode/extensions/ms-vscode-remote.remote-ssh-0.120.0/out/extension.js:2:794864)
    at async A (/home/crestang/.vscode/extensions/ms-vscode-remote.remote-ssh-0.120.0/out/extension.js:2:820659)
    at async t.resolve (/home/crestang/.vscode/extensions/ms-vscode-remote.remote-ssh-0.120.0/out/extension.js:2:824898)
    at async /home/crestang/.vscode/extensions/ms-vscode-remote.remote-ssh-0.120.0/out/extension.js:2:1113660
[12:15:22.931] ------




[12:15:22.932] No hints found in the recent session.
