[16:22:00.699] Log Level: 2
[16:22:00.712] SSH Resolver called for "ssh-remote+vscode", attempt 1
[16:22:00.715] remote.SSH.useLocalServer = true
[16:22:00.716] remote.SSH.useExecServer = true
[16:22:00.716] remote.SSH.bindHost = {}
[16:22:00.716] remote.SSH.path = 
[16:22:00.716] remote.SSH.configFile = 
[16:22:00.716] remote.SSH.useFlock = true
[16:22:00.716] remote.SSH.lockfilesInTmp = false
[16:22:00.716] remote.SSH.localServerDownload = auto
[16:22:00.716] remote.SSH.remoteServerListenOnSocket = false
[16:22:00.716] remote.SSH.defaultExtensions = []
[16:22:00.717] remote.SSH.defaultExtensionsIfInstalledLocally = []
[16:22:00.717] remote.SSH.loglevel = 2
[16:22:00.717] remote.SSH.enableDynamicForwarding = true
[16:22:00.717] remote.SSH.enableRemoteCommand = false
[16:22:00.717] remote.SSH.serverPickPortsFromRange = {}
[16:22:00.717] remote.SSH.serverInstallPath = {}
[16:22:00.717] remote.SSH.permitPtyAllocation = false
[16:22:00.717] remote.SSH.preferredLocalPortRange = undefined
[16:22:00.717] remote.SSH.useCurlAndWgetConfigurationFiles = false
[16:22:00.717] remote.SSH.experimental.chat = true
[16:22:00.717] remote.SSH.experimental.enhancedSessionLogs = true
[16:22:00.718] remote.SSH.httpProxy = {"*":""}
[16:22:00.718] remote.SSH.httpsProxy = {"*":""}
[16:22:00.724] VS Code version: 1.103.2
[16:22:00.724] Remote-SSH version: remote-ssh@0.120.0
[16:22:00.724] linux x64
[16:22:00.726] SSH Resolver called for host: vscode
[16:22:00.726] Setting up SSH remote "vscode"
[16:22:00.730] Acquiring local install lock: /tmp/vscode-remote-ssh-1f5470d3-install.lock
[16:22:00.731] Looking for existing server data file at /home/crestang/.config/Code/User/globalStorage/ms-vscode-remote.remote-ssh/vscode-ssh-host-1f5470d3-6f17636121051a53c88d3e605c491d22af2ba755-0.120.0-es/data.json
[16:22:00.731] No existing data file
[16:22:00.731] Using commit id "6f17636121051a53c88d3e605c491d22af2ba755" and quality "stable" for server
[16:22:00.731] Extensions to install: 
[16:22:00.735] Install and start server if needed
[16:22:00.738] PATH: /usr/local/bin:/usr/bin:/bin:/usr/local/games:/usr/games
[16:22:00.738] Checking ssh with "ssh -V"
[16:22:00.745] > OpenSSH_10.0p2 Debian-7, OpenSSL 3.5.1 1 Jul 2025

[16:22:00.748] askpass server listening on /run/user/1000/vscode-ssh-askpass-3c37d3c7e702286f254daf70b7d886dae9130934.sock
[16:22:00.748] Spawning local server with {"serverId":1,"ipcHandlePath":"/run/user/1000/vscode-ssh-askpass-df21b97b66ffb1bb6d822ff46ae98727e421cfeb.sock","sshCommand":"ssh","sshArgs":["-v","-T","-D","44463","-o","ConnectTimeout=15","vscode"],"serverDataFolderName":".vscode-server","dataFilePath":"/home/crestang/.config/Code/User/globalStorage/ms-vscode-remote.remote-ssh/vscode-ssh-host-1f5470d3-6f17636121051a53c88d3e605c491d22af2ba755-0.120.0-es/data.json"}
[16:22:00.748] Local server env: {"SSH_AUTH_SOCK":"/run/user/1000/keyring/ssh","SHELL":"/bin/bash","DISPLAY":":0","ELECTRON_RUN_AS_NODE":"1","SSH_ASKPASS":"/home/crestang/.vscode/extensions/ms-vscode-remote.remote-ssh-0.120.0/out/local-server/askpass.sh","VSCODE_SSH_ASKPASS_NODE":"/usr/share/code/code","VSCODE_SSH_ASKPASS_EXTRA_ARGS":"","VSCODE_SSH_ASKPASS_MAIN":"/home/crestang/.vscode/extensions/ms-vscode-remote.remote-ssh-0.120.0/out/askpass-main.js","VSCODE_SSH_ASKPASS_HANDLE":"/run/user/1000/vscode-ssh-askpass-3c37d3c7e702286f254daf70b7d886dae9130934.sock"}
[16:22:00.752] Spawned 24805
[16:22:00.753] Using connect timeout of 17 seconds
[16:22:00.819] > local-server-1> Running ssh connection command: ssh -v -T -D 44463 -o ConnectTimeout=15 vscode
[16:22:00.822] > local-server-1> Spawned ssh, pid=24814
[16:22:00.847] stderr> debug1: Server host key: ssh-ed25519 SHA256:3p87Z49ZTiRpT2yn72/REhHWhNIb9a93KxJJJmFnwlk
[16:22:00.856] stderr> You Are Accessing an Oregon State University System
[16:22:00.856] stderr>          Unauthorized Access Prohibited
[16:22:00.856] stderr>      Use Constitutes a Consent to Monitoring
[16:22:00.856] stderr>        Users have No Expectation of Privacy
[16:22:00.856] stderr> 
[16:22:01.166] stderr> Authenticated to vs-gateway.hpc.oregonstate.edu (via proxy) using "publickey".
[16:22:17.756] Terminating local server
[16:22:17.759] Resolver error: Error: Connecting with SSH timed out
    at y.Timeout (/home/crestang/.vscode/extensions/ms-vscode-remote.remote-ssh-0.120.0/out/extension.js:2:744895)
    at Timeout._onTimeout (/home/crestang/.vscode/extensions/ms-vscode-remote.remote-ssh-0.120.0/out/extension.js:2:805797)
    at listOnTimeout (node:internal/timers:588:17)
    at process.processTimers (node:internal/timers:523:7)
[16:22:17.767] ------




[16:22:17.767]  ---------- [Session Summary] ----------- 
[16:22:17.767] [Timeout]: Error: Timeout (Connecting with SSH timed out)
[16:22:17.767]  ---------------------------------------- 
[16:22:17.769] Local server exit: 15
[16:22:18.101] Terminal closed
