[10:27:29.935] Log Level: 2
[10:27:29.949] SSH Resolver called for "ssh-remote+vscode", attempt 1
[10:27:29.952] remote.SSH.useLocalServer = true
[10:27:29.952] remote.SSH.useExecServer = true
[10:27:29.952] remote.SSH.bindHost = {}
[10:27:29.953] remote.SSH.path = 
[10:27:29.953] remote.SSH.configFile = 
[10:27:29.953] remote.SSH.useFlock = true
[10:27:29.953] remote.SSH.lockfilesInTmp = false
[10:27:29.953] remote.SSH.localServerDownload = auto
[10:27:29.953] remote.SSH.remoteServerListenOnSocket = false
[10:27:29.953] remote.SSH.defaultExtensions = []
[10:27:29.953] remote.SSH.defaultExtensionsIfInstalledLocally = []
[10:27:29.954] remote.SSH.loglevel = 2
[10:27:29.954] remote.SSH.enableDynamicForwarding = true
[10:27:29.954] remote.SSH.enableRemoteCommand = false
[10:27:29.954] remote.SSH.serverPickPortsFromRange = {}
[10:27:29.954] remote.SSH.serverInstallPath = {}
[10:27:29.954] remote.SSH.permitPtyAllocation = false
[10:27:29.954] remote.SSH.preferredLocalPortRange = undefined
[10:27:29.954] remote.SSH.useCurlAndWgetConfigurationFiles = false
[10:27:29.954] remote.SSH.experimental.chat = true
[10:27:29.955] remote.SSH.experimental.enhancedSessionLogs = true
[10:27:29.955] remote.SSH.httpProxy = {"*":""}
[10:27:29.955] remote.SSH.httpsProxy = {"*":""}
[10:27:29.962] VS Code version: 1.103.2
[10:27:29.962] Remote-SSH version: remote-ssh@0.120.0
[10:27:29.962] linux x64
[10:27:29.964] SSH Resolver called for host: vscode
[10:27:29.964] Setting up SSH remote "vscode"
[10:27:29.968] Acquiring local install lock: /tmp/vscode-remote-ssh-1f5470d3-install.lock
[10:27:29.969] Looking for existing server data file at /home/crestang/.config/Code/User/globalStorage/ms-vscode-remote.remote-ssh/vscode-ssh-host-1f5470d3-6f17636121051a53c88d3e605c491d22af2ba755-0.120.0-es/data.json
[10:27:29.970] No existing data file
[10:27:29.970] Using commit id "6f17636121051a53c88d3e605c491d22af2ba755" and quality "stable" for server
[10:27:29.970] Extensions to install: 
[10:27:29.974] Install and start server if needed
[10:27:29.976] PATH: /usr/local/bin:/usr/bin:/bin:/usr/local/games:/usr/games
[10:27:29.976] Checking ssh with "ssh -V"
[10:27:29.982] > OpenSSH_10.0p2 Debian-7, OpenSSL 3.5.1 1 Jul 2025

[10:27:29.985] askpass server listening on /run/user/1000/vscode-ssh-askpass-79c2b97cff6fd87d5b47535f80d8b0c1c12f11bd.sock
[10:27:29.985] Spawning local server with {"serverId":1,"ipcHandlePath":"/run/user/1000/vscode-ssh-askpass-be5bd1d9ad99430ece98867799fb8fe06782cf79.sock","sshCommand":"ssh","sshArgs":["-v","-T","-D","42321","-o","ConnectTimeout=15","vscode"],"serverDataFolderName":".vscode-server","dataFilePath":"/home/crestang/.config/Code/User/globalStorage/ms-vscode-remote.remote-ssh/vscode-ssh-host-1f5470d3-6f17636121051a53c88d3e605c491d22af2ba755-0.120.0-es/data.json"}
[10:27:29.985] Local server env: {"SSH_AUTH_SOCK":"/run/user/1000/keyring/ssh","SHELL":"/bin/bash","DISPLAY":":0","ELECTRON_RUN_AS_NODE":"1","SSH_ASKPASS":"/home/crestang/.vscode/extensions/ms-vscode-remote.remote-ssh-0.120.0/out/local-server/askpass.sh","VSCODE_SSH_ASKPASS_NODE":"/usr/share/code/code","VSCODE_SSH_ASKPASS_EXTRA_ARGS":"","VSCODE_SSH_ASKPASS_MAIN":"/home/crestang/.vscode/extensions/ms-vscode-remote.remote-ssh-0.120.0/out/askpass-main.js","VSCODE_SSH_ASKPASS_HANDLE":"/run/user/1000/vscode-ssh-askpass-79c2b97cff6fd87d5b47535f80d8b0c1c12f11bd.sock"}
[10:27:29.987] Spawned 7617
[10:27:29.988] Using connect timeout of 17 seconds
[10:27:30.054] > local-server-1> Running ssh connection command: ssh -v -T -D 42321 -o ConnectTimeout=15 vscode
[10:27:30.056] > local-server-1> Spawned ssh, pid=7625
[10:27:30.084] stderr> debug1: Server host key: ssh-ed25519 SHA256:VSqs0xi/VBY32uZwQbGOIHmjC4HY42qdhZdohsXDrso
[10:27:30.137] stderr> 
[10:27:30.137] stderr> You Are Accessing an Oregon State University System
[10:27:30.137] stderr>          Unauthorized Access Prohibited
[10:27:30.138] stderr>      Use Constitutes a Consent to Monitoring
[10:27:30.138] stderr>        Users have No Expectation of Privacy
[10:27:30.138] stderr> 
[10:27:30.138] stderr> 
[10:27:30.738] stderr> Authenticated to shell.hpc.oregonstate.edu ([128.193.83.33]:22) using "publickey".
[10:27:31.385] stderr> debug1: Server host key: ssh-ed25519 SHA256:3p87Z49ZTiRpT2yn72/REhHWhNIb9a93KxJJJmFnwlk
[10:27:31.399] stderr> You Are Accessing an Oregon State University System
[10:27:31.399] stderr>          Unauthorized Access Prohibited
[10:27:31.399] stderr>      Use Constitutes a Consent to Monitoring
[10:27:31.400] stderr>        Users have No Expectation of Privacy
[10:27:31.400] stderr> 
[10:27:31.715] stderr> Authenticated to vs-gateway.hpc.oregonstate.edu (via proxy) using "publickey".
[10:27:32.122] > ===============================================================================
> 
> 
> . ,-"-.   ,-"-. ,-"-.   ,-"-. ,-"-.   ,-"-. ,-"-.   ,-"-. ,-"-.   ,-"-. ,-"-.
>  X | | \ / | | X | | \ / | | X | | \ / | | X | | \ / | | X | | \ / | | X | | \
> / \| | |X| | |/ \| | |X| | |/ \| | |X| | |/ \| | |X| | |/ \| | |X| | |/ \| | |X
>    `-!-' `-!-"   `-!-' `-!-'   `-!-' `-!-'   `-!-' `-!-'   `-!-' `-!-'   `-!-'
> 
> 
>                          ______   ____      __      _____
>                         / ____/  / __ \    / /     / ___/
>                        / /      / / / /   / /      \__ \
>                       / /___   / /_/ /   / /___   ___/ /
>                       \____/   \___\_\  /_____/  /____/
> 
>                 Welcome to the CQLS "Wildwood HPC Cluster"
> 
>             Report any suspicious/unauthorized activity to the
>               Office of Information Security (541) 737-9800
>                             Log off after use
> 
>           System Summary (collected Tue Aug 26 04:59:01 AM EDT 2025)
>             - Hostname                  = vs-gateway
>             - Private IP                = 
>             - Public  IP                = 
>             - Login Count               = 1
>             - Unique Users              = 1
> 
> ===============================================================================
> Last failed login: Wed Aug 13 15:22:15 EDT 2025 from 10.224.64.62 on ssh:notty
> There were 12 failed login attempts since the last successful login.
[10:27:32.141] > Warning: no access to tty (Inappropriate ioctl for device).
> Thus no job control in this shell.
[10:27:46.989] Terminating local server
[10:27:46.992] Resolver error: Error: Connecting with SSH timed out
    at y.Timeout (/home/crestang/.vscode/extensions/ms-vscode-remote.remote-ssh-0.120.0/out/extension.js:2:744895)
    at Timeout._onTimeout (/home/crestang/.vscode/extensions/ms-vscode-remote.remote-ssh-0.120.0/out/extension.js:2:805797)
    at listOnTimeout (node:internal/timers:588:17)
    at process.processTimers (node:internal/timers:523:7)
[10:27:47.004] ------




[10:27:47.004]  ---------- [Session Summary] ----------- 
[10:27:47.004] [Timeout]: Error: Timeout (Connecting with SSH timed out)
[10:27:47.005]  ---------------------------------------- 
[10:27:47.007] Local server exit: 15
[10:27:50.079] Terminal closed
