[11:59:22.101] Log Level: 2
[11:59:22.126] SSH Resolver called for "ssh-remote+vscode-direct", attempt 1
[11:59:22.132] remote.SSH.useLocalServer = true
[11:59:22.132] remote.SSH.useExecServer = true
[11:59:22.133] remote.SSH.bindHost = {}
[11:59:22.133] remote.SSH.path = 
[11:59:22.133] remote.SSH.configFile = 
[11:59:22.133] remote.SSH.useFlock = true
[11:59:22.133] remote.SSH.lockfilesInTmp = false
[11:59:22.134] remote.SSH.localServerDownload = auto
[11:59:22.134] remote.SSH.remoteServerListenOnSocket = false
[11:59:22.134] remote.SSH.defaultExtensions = []
[11:59:22.134] remote.SSH.defaultExtensionsIfInstalledLocally = []
[11:59:22.134] remote.SSH.loglevel = 2
[11:59:22.135] remote.SSH.enableDynamicForwarding = true
[11:59:22.135] remote.SSH.enableRemoteCommand = false
[11:59:22.135] remote.SSH.serverPickPortsFromRange = {}
[11:59:22.135] remote.SSH.serverInstallPath = {}
[11:59:22.135] remote.SSH.permitPtyAllocation = false
[11:59:22.136] remote.SSH.preferredLocalPortRange = undefined
[11:59:22.136] remote.SSH.useCurlAndWgetConfigurationFiles = false
[11:59:22.136] remote.SSH.experimental.chat = true
[11:59:22.136] remote.SSH.experimental.enhancedSessionLogs = true
[11:59:22.136] remote.SSH.httpProxy = {"*":""}
[11:59:22.136] remote.SSH.httpsProxy = {"*":""}
[11:59:22.148] VS Code version: 1.103.2
[11:59:22.148] Remote-SSH version: remote-ssh@0.120.0
[11:59:22.149] linux x64
[11:59:22.152] SSH Resolver called for host: vscode-direct
[11:59:22.152] Setting up SSH remote "vscode-direct"
[11:59:22.160] Acquiring local install lock: /tmp/vscode-remote-ssh-2fb0e6eb-install.lock
[11:59:22.162] Looking for existing server data file at /home/crestang/.config/Code/User/globalStorage/ms-vscode-remote.remote-ssh/vscode-ssh-host-2fb0e6eb-6f17636121051a53c88d3e605c491d22af2ba755-0.120.0-es/data.json
[11:59:22.162] No existing data file
[11:59:22.163] Using commit id "6f17636121051a53c88d3e605c491d22af2ba755" and quality "stable" for server
[11:59:22.163] Extensions to install: 
[11:59:22.169] Install and start server if needed
[11:59:22.173] PATH: /home/crestang/.local/bin:/home/crestang/bin:/usr/local/bin:/usr/bin:/bin:/usr/local/games:/usr/games
[11:59:22.173] Checking ssh with "ssh -V"
[11:59:22.184] > OpenSSH_10.0p2 Debian-7, OpenSSL 3.5.1 1 Jul 2025

[11:59:22.189] askpass server listening on /run/user/1000/vscode-ssh-askpass-8806e658ca4533a2ff0edf744b47645e51251208.sock
[11:59:22.189] Spawning local server with {"serverId":1,"ipcHandlePath":"/run/user/1000/vscode-ssh-askpass-be835cc11af74bbf3945cb9aaf2fbb3f1cf72318.sock","sshCommand":"ssh","sshArgs":["-v","-T","-D","42849","-o","ConnectTimeout=15","vscode-direct"],"serverDataFolderName":".vscode-server","dataFilePath":"/home/crestang/.config/Code/User/globalStorage/ms-vscode-remote.remote-ssh/vscode-ssh-host-2fb0e6eb-6f17636121051a53c88d3e605c491d22af2ba755-0.120.0-es/data.json"}
[11:59:22.189] Local server env: {"SSH_AUTH_SOCK":"/run/user/1000/keyring/ssh","SHELL":"/bin/bash","DISPLAY":":0","ELECTRON_RUN_AS_NODE":"1","SSH_ASKPASS":"/home/crestang/.vscode/extensions/ms-vscode-remote.remote-ssh-0.120.0/out/local-server/askpass.sh","VSCODE_SSH_ASKPASS_NODE":"/usr/share/code/code","VSCODE_SSH_ASKPASS_EXTRA_ARGS":"","VSCODE_SSH_ASKPASS_MAIN":"/home/crestang/.vscode/extensions/ms-vscode-remote.remote-ssh-0.120.0/out/askpass-main.js","VSCODE_SSH_ASKPASS_HANDLE":"/run/user/1000/vscode-ssh-askpass-8806e658ca4533a2ff0edf744b47645e51251208.sock"}
[11:59:22.194] Spawned 33796
[11:59:22.195] Using connect timeout of 17 seconds
[11:59:22.316] > local-server-1> Running ssh connection command: ssh -v -T -D 42849 -o ConnectTimeout=15 vscode-direct
[11:59:22.322] > local-server-1> Spawned ssh, pid=33804
[11:59:22.435] stderr> debug1: Server host key: ssh-ed25519 SHA256:d/upNIFLu/E/Q6vUGe0ZuDmtMYAWiMNSJ7k2j+PN2qA
[11:59:22.532] stderr> 
[11:59:22.533] stderr> You Are Accessing an Oregon State University System
[11:59:22.533] stderr>          Unauthorized Access Prohibited
[11:59:22.533] stderr>      Use Constitutes a Consent to Monitoring
[11:59:22.533] stderr>        Users have No Expectation of Privacy
[11:59:22.533] stderr> 
[11:59:22.655] stderr> Authenticated to hpc.cqls.oregonstate.edu ([128.193.83.45]:22) using "publickey".
[11:59:22.655] stderr> unix_listener: cannot bind to path /home/crestang/.ssh/sockets/crestang@hpc.cqls.oregonstate.edu-22.ajhD4NfIeRddDYr3: No such file or directory
[11:59:22.656] stderr> kex_exchange_identification: Connection closed by remote host
[11:59:22.656] stderr> Connection closed by UNKNOWN port 65535
[11:59:22.661] > local-server-1> ssh child died, shutting down
[11:59:22.669] Local server exit: 0
[11:59:22.670] Received install output: local-server-1> Running ssh connection command: ssh -v -T -D 42849 -o ConnectTimeout=15 vscode-direct
local-server-1> Spawned ssh, pid=33804
debug1: Server host key: ssh-ed25519 SHA256:d/upNIFLu/E/Q6vUGe0ZuDmtMYAWiMNSJ7k2j+PN2qA

You Are Accessing an Oregon State University System
         Unauthorized Access Prohibited
     Use Constitutes a Consent to Monitoring
       Users have No Expectation of Privacy

Authenticated to hpc.cqls.oregonstate.edu ([128.193.83.45]:22) using "publickey".
unix_listener: cannot bind to path /home/crestang/.ssh/sockets/crestang@hpc.cqls.oregonstate.edu-22.ajhD4NfIeRddDYr3: No such file or directory
kex_exchange_identification: Connection closed by remote host
Connection closed by UNKNOWN port 65535
local-server-1> ssh child died, shutting down

[11:59:22.671] WARN: $PLATFORM is undefined in installation script output.  Errors may be dropped.
[11:59:22.672] Failed to parse remote port from server output
[11:59:22.673] Resolver error: Error
    at y.Create (/home/crestang/.vscode/extensions/ms-vscode-remote.remote-ssh-0.120.0/out/extension.js:2:744751)
    at t.handleInstallOutput (/home/crestang/.vscode/extensions/ms-vscode-remote.remote-ssh-0.120.0/out/extension.js:2:742832)
    at e (/home/crestang/.vscode/extensions/ms-vscode-remote.remote-ssh-0.120.0/out/extension.js:2:798600)
    at process.processTicksAndRejections (node:internal/process/task_queues:105:5)
    at async /home/crestang/.vscode/extensions/ms-vscode-remote.remote-ssh-0.120.0/out/extension.js:2:823806
    at async t.withShowDetailsEvent (/home/crestang/.vscode/extensions/ms-vscode-remote.remote-ssh-0.120.0/out/extension.js:2:827501)
    at async /home/crestang/.vscode/extensions/ms-vscode-remote.remote-ssh-0.120.0/out/extension.js:2:795312
    at async P (/home/crestang/.vscode/extensions/ms-vscode-remote.remote-ssh-0.120.0/out/extension.js:2:793367)
    at async t.resolveWithLocalServer (/home/crestang/.vscode/extensions/ms-vscode-remote.remote-ssh-0.120.0/out/extension.js:2:794864)
    at async A (/home/crestang/.vscode/extensions/ms-vscode-remote.remote-ssh-0.120.0/out/extension.js:2:820659)
    at async t.resolve (/home/crestang/.vscode/extensions/ms-vscode-remote.remote-ssh-0.120.0/out/extension.js:2:824898)
    at async /home/crestang/.vscode/extensions/ms-vscode-remote.remote-ssh-0.120.0/out/extension.js:2:1113660
[11:59:22.686] ------




[11:59:22.688] No hints found in the recent session.
[12:01:33.255] Picking SSH host
[12:01:36.938] ConfigFileWatcher: start watching file:///home/crestang/.ssh/config
[12:01:36.939] ConfigFileWatcher: adding save listener
[12:01:36.940] ConfigFileWatcher: adding close listener
[12:01:43.599] ConfigFileWatcher: saving file:///home/crestang/.ssh/config
[12:01:43.599] ConfigFileWatcher: firing change event for file:///home/crestang/.ssh/config
[12:01:45.051] ConfigFileWatcher: closing file:///home/crestang/.ssh/config
[12:01:45.051] ConfigFileWatcher: stop watching file:///home/crestang/.ssh/config
[12:01:45.052] ConfigFileWatcher: removing save listener
[12:01:45.052] ConfigFileWatcher: removing close listener
[12:01:47.934] Picking SSH host
[12:01:49.187] Selected vscode
