[16:20:09.779] Log Level: 2
[16:20:09.795] SSH Resolver called for "ssh-remote+vscode", attempt 1
[16:20:09.798] remote.SSH.useLocalServer = true
[16:20:09.798] remote.SSH.useExecServer = true
[16:20:09.798] remote.SSH.bindHost = {}
[16:20:09.798] remote.SSH.path = 
[16:20:09.799] remote.SSH.configFile = 
[16:20:09.799] remote.SSH.useFlock = true
[16:20:09.799] remote.SSH.lockfilesInTmp = false
[16:20:09.799] remote.SSH.localServerDownload = auto
[16:20:09.799] remote.SSH.remoteServerListenOnSocket = false
[16:20:09.799] remote.SSH.defaultExtensions = []
[16:20:09.799] remote.SSH.defaultExtensionsIfInstalledLocally = []
[16:20:09.799] remote.SSH.loglevel = 2
[16:20:09.799] remote.SSH.enableDynamicForwarding = true
[16:20:09.800] remote.SSH.enableRemoteCommand = false
[16:20:09.800] remote.SSH.serverPickPortsFromRange = {}
[16:20:09.800] remote.SSH.serverInstallPath = {}
[16:20:09.800] remote.SSH.permitPtyAllocation = false
[16:20:09.800] remote.SSH.preferredLocalPortRange = undefined
[16:20:09.800] remote.SSH.useCurlAndWgetConfigurationFiles = false
[16:20:09.800] remote.SSH.experimental.chat = true
[16:20:09.800] remote.SSH.experimental.enhancedSessionLogs = true
[16:20:09.801] remote.SSH.httpProxy = {"*":""}
[16:20:09.801] remote.SSH.httpsProxy = {"*":""}
[16:20:09.806] VS Code version: 1.103.2
[16:20:09.807] Remote-SSH version: remote-ssh@0.120.0
[16:20:09.807] linux x64
[16:20:09.809] SSH Resolver called for host: vscode
[16:20:09.809] Setting up SSH remote "vscode"
[16:20:09.813] Acquiring local install lock: /tmp/vscode-remote-ssh-1f5470d3-install.lock
[16:20:09.814] Looking for existing server data file at /home/crestang/.config/Code/User/globalStorage/ms-vscode-remote.remote-ssh/vscode-ssh-host-1f5470d3-6f17636121051a53c88d3e605c491d22af2ba755-0.120.0-es/data.json
[16:20:09.814] No existing data file
[16:20:09.814] Using commit id "6f17636121051a53c88d3e605c491d22af2ba755" and quality "stable" for server
[16:20:09.814] Extensions to install: 
[16:20:09.818] Install and start server if needed
[16:20:09.820] PATH: /usr/local/bin:/usr/bin:/bin:/usr/local/games:/usr/games
[16:20:09.820] Checking ssh with "ssh -V"
[16:20:09.827] > OpenSSH_10.0p2 Debian-7, OpenSSL 3.5.1 1 Jul 2025

[16:20:09.829] askpass server listening on /run/user/1000/vscode-ssh-askpass-a67b47ee10f491c8fcc9fcbf8c694e48f08f371b.sock
[16:20:09.830] Spawning local server with {"serverId":1,"ipcHandlePath":"/run/user/1000/vscode-ssh-askpass-d5bcecef4c1c49d5082a4fc1e999ec4e27962c9d.sock","sshCommand":"ssh","sshArgs":["-v","-T","-D","46047","-o","ConnectTimeout=15","vscode"],"serverDataFolderName":".vscode-server","dataFilePath":"/home/crestang/.config/Code/User/globalStorage/ms-vscode-remote.remote-ssh/vscode-ssh-host-1f5470d3-6f17636121051a53c88d3e605c491d22af2ba755-0.120.0-es/data.json"}
[16:20:09.830] Local server env: {"SSH_AUTH_SOCK":"/run/user/1000/keyring/ssh","SHELL":"/bin/bash","DISPLAY":":0","ELECTRON_RUN_AS_NODE":"1","SSH_ASKPASS":"/home/crestang/.vscode/extensions/ms-vscode-remote.remote-ssh-0.120.0/out/local-server/askpass.sh","VSCODE_SSH_ASKPASS_NODE":"/usr/share/code/code","VSCODE_SSH_ASKPASS_EXTRA_ARGS":"","VSCODE_SSH_ASKPASS_MAIN":"/home/crestang/.vscode/extensions/ms-vscode-remote.remote-ssh-0.120.0/out/askpass-main.js","VSCODE_SSH_ASKPASS_HANDLE":"/run/user/1000/vscode-ssh-askpass-a67b47ee10f491c8fcc9fcbf8c694e48f08f371b.sock"}
[16:20:09.833] Spawned 24698
[16:20:09.833] Using connect timeout of 17 seconds
[16:20:09.892] > local-server-1> Running ssh connection command: ssh -v -T -D 46047 -o ConnectTimeout=15 vscode
[16:20:09.898] > local-server-1> Spawned ssh, pid=24706
[16:20:09.919] stderr> debug1: Server host key: ssh-ed25519 SHA256:3p87Z49ZTiRpT2yn72/REhHWhNIb9a93KxJJJmFnwlk
[16:20:09.926] stderr> You Are Accessing an Oregon State University System
[16:20:09.926] stderr>          Unauthorized Access Prohibited
[16:20:09.926] stderr>      Use Constitutes a Consent to Monitoring
[16:20:09.926] stderr>        Users have No Expectation of Privacy
[16:20:09.926] stderr> 
[16:20:10.104] stderr> Authenticated to vs-gateway.hpc.oregonstate.edu (via proxy) using "publickey".
[16:20:10.232] > ===============================================================================
> 
> 
>                                           __              []
>                                           ||              []
>                                           ||              []
>                                           ||              []
>                                        __ ||              []
>                                        || ||              []
>                                      .-||-||-.            []  /\
>                                     _\_______/_===========[]=(-o)
>                                      )\_____/(            []  \/
>                                     /     ||  \           []
>                                    /      ||   \          []
>                                   /       ||    \         []
>                                  /~~~~~~~~~~~~~~~\        []
>                                 /         ::      \       []
>                                (          ::       )      []
>                                 `-----------------'       []
>                                         )                 []
>                                       (   )               []
>                                         )( . (            []
>                                      .) @@)   )           []
>                                   ` ) @@(@@)@             []
>                                     (@@(@@)@              []
>                                      @(@.@)@@             []
>                                    ` (@{__}@)`            []
>                                        :__;               []
>                    ___                  {}+               []
>                   ( = )             .---'`---.            []
>                    | |_ jgs        /          \   ________[]____
>                ____| |_|==========(____________)_/______________\
>              ______________________________________________________
> 
>                          ______   ____      __      _____
>                         / ____/  / __ \    / /     / ___/
>                        / /      / / / /   / /      \__ \
>                       / /___   / /_/ /   / /___   ___/ /
>                       \____/   \___\_\  /_____/  /____/
> 
>                 Welcome to the CQLS "Wildwood HPC Cluster"
> 
>             Report any suspicious/unauthorized activity to the
>               Office of Information Security (541) 737-9800
>                             Log off after use
> 
>           System Summary (collected Mon Aug 25 04:59:01 AM EDT 2025)
>             - Hostname                  = vs-gateway
>             - Private IP                = 
>             - Public  IP                = 
>             - Login Count               = 1
>             - Unique Users              = 1
> 
> ===============================================================================
> Last failed login: Wed Aug 13 15:22:15 EDT 2025 from 10.224.64.62 on ssh:notty
> There were 12 failed login attempts since the last successful login.
[16:20:10.234] > Warning: no access to tty (Inappropriate ioctl for device).
> Thus no job control in this shell.
[16:20:26.836] Terminating local server
[16:20:26.839] Resolver error: Error: Connecting with SSH timed out
    at y.Timeout (/home/crestang/.vscode/extensions/ms-vscode-remote.remote-ssh-0.120.0/out/extension.js:2:744895)
    at Timeout._onTimeout (/home/crestang/.vscode/extensions/ms-vscode-remote.remote-ssh-0.120.0/out/extension.js:2:805797)
    at listOnTimeout (node:internal/timers:588:17)
    at process.processTimers (node:internal/timers:523:7)
[16:20:26.847] ------




[16:20:26.848]  ---------- [Session Summary] ----------- 
[16:20:26.848] [Timeout]: Error: Timeout (Connecting with SSH timed out)
[16:20:26.848]  ---------------------------------------- 
[16:20:26.850] Local server exit: 15
[16:21:59.880] Terminal closed
